2025-01-22 14:15:28,725 - INFO - Original JSON content:
2025-01-22 14:15:29,334 - INFO - 
Cleaned JSON content:
2025-01-22 14:24:02,602 - INFO - Processing file: D:\Documents\Boxing_Legends_Videos_downloads\THE FIGHT with Teddy Atlas\THE FIGHT TACTICS\THE FIGHT TACTICS.info.json
2025-01-22 14:24:02,607 - INFO - Created cleaned file: D:\Documents\Boxing_Legends_Videos_downloads\THE FIGHT with Teddy Atlas\THE FIGHT TACTICS\THE FIGHT TACTICS.info.cleaned.json
2025-01-22 14:24:02,607 - INFO - Processing file: D:\Documents\Boxing_Legends_Videos_downloads\THE FIGHT with Teddy Atlas\Unknown Playlist\metadata\Cus D'Amato - The Power of Belief - Explained by Teddy Atlas ｜ The Fight Tactics.info.json.info.json
2025-01-22 14:24:02,613 - INFO - Created cleaned file: D:\Documents\Boxing_Legends_Videos_downloads\THE FIGHT with Teddy Atlas\Unknown Playlist\metadata\Cus D'Amato - The Power of Belief - Explained by Teddy Atlas ｜ The Fight Tactics.info.json.info.cleaned.json
2025-01-22 14:24:02,614 - INFO - Processing file: D:\Documents\Boxing_Legends_Videos_downloads\THE FIGHT with Teddy Atlas\Unknown Playlist\metadata\Cus D'Amato ＂Educated Left Hand＂ - Teddy Atlas Boxing Technique ｜ The Fight Tactics.info.json.info.json
2025-01-22 14:24:02,622 - INFO - Created cleaned file: D:\Documents\Boxing_Legends_Videos_downloads\THE FIGHT with Teddy Atlas\Unknown Playlist\metadata\Cus D'Amato ＂Educated Left Hand＂ - Teddy Atlas Boxing Technique ｜ The Fight Tactics.info.json.info.cleaned.json
2025-01-22 14:24:02,623 - INFO - Processing file: D:\Documents\Boxing_Legends_Videos_downloads\THE FIGHT with Teddy Atlas\Unknown Playlist\metadata\Defend Fast Hands of Mayweather, Pacquiao - Teddy Atlas Boxing Technique.info.json.info.json
2025-01-22 14:24:02,628 - INFO - Created cleaned file: D:\Documents\Boxing_Legends_Videos_downloads\THE FIGHT with Teddy Atlas\Unknown Playlist\metadata\Defend Fast Hands of Mayweather, Pacquiao - Teddy Atlas Boxing Technique.info.json.info.cleaned.json
2025-01-22 14:24:02,629 - INFO - Processing file: D:\Documents\Boxing_Legends_Videos_downloads\THE FIGHT with Teddy Atlas\Unknown Playlist\metadata\Here's How to Beat Tyson Fury - What Dillian Whyte Did Wrong - Teddy Atlas Boxing Technique.info.json.info.json
2025-01-22 14:24:02,636 - INFO - Created cleaned file: D:\Documents\Boxing_Legends_Videos_downloads\THE FIGHT with Teddy Atlas\Unknown Playlist\metadata\Here's How to Beat Tyson Fury - What Dillian Whyte Did Wrong - Teddy Atlas Boxing Technique.info.json.info.cleaned.json
2025-01-22 14:24:02,637 - INFO - Processing file: D:\Documents\Boxing_Legends_Videos_downloads\THE FIGHT with Teddy Atlas\Unknown Playlist\metadata\How Canelo Can Beat GGG - Straight Right Hand Punch Inside Hook - Teddy Atlas Boxing Technique.info.json.info.json
2025-01-22 14:24:02,644 - INFO - Created cleaned file: D:\Documents\Boxing_Legends_Videos_downloads\THE FIGHT with Teddy Atlas\Unknown Playlist\metadata\How Canelo Can Beat GGG - Straight Right Hand Punch Inside Hook - Teddy Atlas Boxing Technique.info.json.info.cleaned.json
2025-01-22 14:24:02,645 - INFO - Processing file: D:\Documents\Boxing_Legends_Videos_downloads\THE FIGHT with Teddy Atlas\Unknown Playlist\metadata\How to Avoid Punches in Boxing - Teddy Atlas Boxing Technique ｜ The Fight Tactics.info.json.info.json
2025-01-22 14:24:02,654 - INFO - Created cleaned file: D:\Documents\Boxing_Legends_Videos_downloads\THE FIGHT with Teddy Atlas\Unknown Playlist\metadata\How to Avoid Punches in Boxing - Teddy Atlas Boxing Technique ｜ The Fight Tactics.info.json.info.cleaned.json
2025-01-22 14:24:02,655 - INFO - Processing file: D:\Documents\Boxing_Legends_Videos_downloads\THE FIGHT with Teddy Atlas\Unknown Playlist\metadata\How to Block an Uppercut Punch - Teddy Atlas Boxing Technique ｜ The Fight Tactics.info.json.info.json
2025-01-22 14:24:02,662 - INFO - Created cleaned file: D:\Documents\Boxing_Legends_Videos_downloads\THE FIGHT with Teddy Atlas\Unknown Playlist\metadata\How to Block an Uppercut Punch - Teddy Atlas Boxing Technique ｜ The Fight Tactics.info.json.info.cleaned.json
2025-01-22 14:24:02,663 - INFO - Processing file: D:\Documents\Boxing_Legends_Videos_downloads\THE FIGHT with Teddy Atlas\Unknown Playlist\metadata\How to Counter Punch a Counterpuncher - Teddy Atlas Boxing Technique.info.json.info.json
2025-01-22 14:24:02,669 - INFO - Created cleaned file: D:\Documents\Boxing_Legends_Videos_downloads\THE FIGHT with Teddy Atlas\Unknown Playlist\metadata\How to Counter Punch a Counterpuncher - Teddy Atlas Boxing Technique.info.json.info.cleaned.json
2025-01-22 14:24:02,670 - INFO - Processing file: D:\Documents\Boxing_Legends_Videos_downloads\THE FIGHT with Teddy Atlas\Unknown Playlist\metadata\How to Fight a Southpaw - Teddy Atlas Demonstrates Boxing Technique ｜ The Fight Tactics.info.json.info.json
2025-01-22 14:24:02,677 - INFO - Created cleaned file: D:\Documents\Boxing_Legends_Videos_downloads\THE FIGHT with Teddy Atlas\Unknown Playlist\metadata\How to Fight a Southpaw - Teddy Atlas Demonstrates Boxing Technique ｜ The Fight Tactics.info.json.info.cleaned.json
2025-01-22 14:24:02,678 - INFO - Processing file: D:\Documents\Boxing_Legends_Videos_downloads\THE FIGHT with Teddy Atlas\Unknown Playlist\metadata\How to Fight Off the Ropes - Teddy Atlas Demonstrates Boxing Technique ｜ The Fight Tactics.info.json.info.json
2025-01-22 14:24:02,686 - INFO - Created cleaned file: D:\Documents\Boxing_Legends_Videos_downloads\THE FIGHT with Teddy Atlas\Unknown Playlist\metadata\How to Fight Off the Ropes - Teddy Atlas Demonstrates Boxing Technique ｜ The Fight Tactics.info.json.info.cleaned.json
2025-01-22 14:24:02,687 - INFO - Processing file: D:\Documents\Boxing_Legends_Videos_downloads\THE FIGHT with Teddy Atlas\Unknown Playlist\metadata\How to Land Left Hook on Southpaws - Teddy Atlas Boxing Technique ｜ The Fight Tactics.info.json.info.json
2025-01-22 14:24:02,693 - INFO - Created cleaned file: D:\Documents\Boxing_Legends_Videos_downloads\THE FIGHT with Teddy Atlas\Unknown Playlist\metadata\How to Land Left Hook on Southpaws - Teddy Atlas Boxing Technique ｜ The Fight Tactics.info.json.info.cleaned.json
2025-01-22 14:24:02,697 - INFO - Processing file: D:\Documents\Boxing_Legends_Videos_downloads\THE FIGHT with Teddy Atlas\Unknown Playlist\metadata\How to Land Right Hand on a Southpaw - Teddy Atlas Demonstrates Boxing Technique ｜ The Fight Tactics.info.json.info.json
2025-01-22 14:24:02,706 - INFO - Created cleaned file: D:\Documents\Boxing_Legends_Videos_downloads\THE FIGHT with Teddy Atlas\Unknown Playlist\metadata\How to Land Right Hand on a Southpaw - Teddy Atlas Demonstrates Boxing Technique ｜ The Fight Tactics.info.json.info.cleaned.json
2025-01-22 14:24:02,707 - INFO - Processing file: D:\Documents\Boxing_Legends_Videos_downloads\THE FIGHT with Teddy Atlas\Unknown Playlist\metadata\How to Set Up a Southpaw - Teddy Atlas Boxing Technique ｜ The Fight Tactics.info.json.info.json
2025-01-22 14:24:02,713 - INFO - Created cleaned file: D:\Documents\Boxing_Legends_Videos_downloads\THE FIGHT with Teddy Atlas\Unknown Playlist\metadata\How to Set Up a Southpaw - Teddy Atlas Boxing Technique ｜ The Fight Tactics.info.json.info.cleaned.json
2025-01-22 14:24:02,714 - INFO - Processing file: D:\Documents\Boxing_Legends_Videos_downloads\THE FIGHT with Teddy Atlas\Unknown Playlist\metadata\How to Throw a Body Punch - Teddy Atlas Demonstrates Technique ｜ The Fight Tactics.info.json.info.json
2025-01-22 14:24:02,726 - INFO - Created cleaned file: D:\Documents\Boxing_Legends_Videos_downloads\THE FIGHT with Teddy Atlas\Unknown Playlist\metadata\How to Throw a Body Punch - Teddy Atlas Demonstrates Technique ｜ The Fight Tactics.info.json.info.cleaned.json
2025-01-22 14:24:02,727 - INFO - Processing file: D:\Documents\Boxing_Legends_Videos_downloads\THE FIGHT with Teddy Atlas\Unknown Playlist\metadata\How to Throw ＂Change Up＂ Punch - Teddy Atlas Shows Rocky Marciano Technique ｜ The Fight Tactics.info.json.info.json
2025-01-22 14:24:02,734 - INFO - Created cleaned file: D:\Documents\Boxing_Legends_Videos_downloads\THE FIGHT with Teddy Atlas\Unknown Playlist\metadata\How to Throw ＂Change Up＂ Punch - Teddy Atlas Shows Rocky Marciano Technique ｜ The Fight Tactics.info.json.info.cleaned.json
2025-01-22 14:24:02,735 - INFO - Processing file: D:\Documents\Boxing_Legends_Videos_downloads\THE FIGHT with Teddy Atlas\Unknown Playlist\metadata\How to Use Feints - Teddy Atlas Demonstrates Boxing Technique ｜ The Fight Tactics.info.json.info.json
2025-01-22 14:24:02,742 - INFO - Created cleaned file: D:\Documents\Boxing_Legends_Videos_downloads\THE FIGHT with Teddy Atlas\Unknown Playlist\metadata\How to Use Feints - Teddy Atlas Demonstrates Boxing Technique ｜ The Fight Tactics.info.json.info.cleaned.json
2025-01-22 14:24:02,745 - INFO - Processing file: D:\Documents\Boxing_Legends_Videos_downloads\THE FIGHT with Teddy Atlas\Unknown Playlist\metadata\How to Use Subtle Feints in Boxing - Teddy Atlas Boxing Technique ｜ The Fight Tactics.info.json.info.json
2025-01-22 14:24:02,752 - INFO - Created cleaned file: D:\Documents\Boxing_Legends_Videos_downloads\THE FIGHT with Teddy Atlas\Unknown Playlist\metadata\How to Use Subtle Feints in Boxing - Teddy Atlas Boxing Technique ｜ The Fight Tactics.info.json.info.cleaned.json
2025-01-22 14:24:02,753 - INFO - Processing file: D:\Documents\Boxing_Legends_Videos_downloads\THE FIGHT with Teddy Atlas\Unknown Playlist\metadata\How Tyson Fury tricked Dillian Whyte - Teddy Atlas Boxing Technique ｜ The Fight Tactics.info.json.info.json
2025-01-22 14:24:02,760 - INFO - Created cleaned file: D:\Documents\Boxing_Legends_Videos_downloads\THE FIGHT with Teddy Atlas\Unknown Playlist\metadata\How Tyson Fury tricked Dillian Whyte - Teddy Atlas Boxing Technique ｜ The Fight Tactics.info.json.info.cleaned.json
2025-01-22 14:24:02,761 - INFO - Processing file: D:\Documents\Boxing_Legends_Videos_downloads\THE FIGHT with Teddy Atlas\Unknown Playlist\metadata\Improve Boxing Defense with Dips - Teddy Atlas Boxing Technique ｜ The Fight Tactics.info.json.info.json
2025-01-22 14:24:02,767 - INFO - Created cleaned file: D:\Documents\Boxing_Legends_Videos_downloads\THE FIGHT with Teddy Atlas\Unknown Playlist\metadata\Improve Boxing Defense with Dips - Teddy Atlas Boxing Technique ｜ The Fight Tactics.info.json.info.cleaned.json
2025-01-22 14:24:02,768 - INFO - Processing file: D:\Documents\Boxing_Legends_Videos_downloads\THE FIGHT with Teddy Atlas\Unknown Playlist\metadata\Land a Left Hook with a Trap like Tank Davis - Teddy Atlas Boxing Technique.info.json.info.json
2025-01-22 14:24:02,773 - INFO - Created cleaned file: D:\Documents\Boxing_Legends_Videos_downloads\THE FIGHT with Teddy Atlas\Unknown Playlist\metadata\Land a Left Hook with a Trap like Tank Davis - Teddy Atlas Boxing Technique.info.json.info.cleaned.json
2025-01-22 14:24:02,773 - INFO - Processing file: D:\Documents\Boxing_Legends_Videos_downloads\THE FIGHT with Teddy Atlas\Unknown Playlist\metadata\Left Uppercut Punch Combinations - Teddy Atlas Boxing Technique ｜ The Fight Tactics.info.json.info.json
2025-01-22 14:24:02,777 - INFO - Created cleaned file: D:\Documents\Boxing_Legends_Videos_downloads\THE FIGHT with Teddy Atlas\Unknown Playlist\metadata\Left Uppercut Punch Combinations - Teddy Atlas Boxing Technique ｜ The Fight Tactics.info.json.info.cleaned.json
2025-01-22 14:24:02,779 - INFO - Processing file: D:\Documents\Boxing_Legends_Videos_downloads\THE FIGHT with Teddy Atlas\Unknown Playlist\metadata\Make Fighting Easier with Feints - Teddy Atlas Boxing Technique ｜ The Fight Tactics.info.json.info.json
2025-01-22 14:24:02,782 - INFO - Created cleaned file: D:\Documents\Boxing_Legends_Videos_downloads\THE FIGHT with Teddy Atlas\Unknown Playlist\metadata\Make Fighting Easier with Feints - Teddy Atlas Boxing Technique ｜ The Fight Tactics.info.json.info.cleaned.json
2025-01-22 14:24:02,783 - INFO - Processing file: D:\Documents\Boxing_Legends_Videos_downloads\THE FIGHT with Teddy Atlas\Unknown Playlist\metadata\Teddy Atlas demonstrates Micky Ward's Signature Punch, the Liver Shot ｜ THE FIGHT TACTICS.info.json.info.json
2025-01-22 14:24:02,788 - INFO - Created cleaned file: D:\Documents\Boxing_Legends_Videos_downloads\THE FIGHT with Teddy Atlas\Unknown Playlist\metadata\Teddy Atlas demonstrates Micky Ward's Signature Punch, the Liver Shot ｜ THE FIGHT TACTICS.info.json.info.cleaned.json
2025-01-22 14:24:02,789 - INFO - Processing file: D:\Documents\Boxing_Legends_Videos_downloads\THE FIGHT with Teddy Atlas\Unknown Playlist\metadata\Teddy Atlas demonstrates Mike Tyson's Signature Punch, the Devastating Uppercut ｜ THE FIGHT TACTICS.info.json.info.json
2025-01-22 14:24:02,796 - INFO - Created cleaned file: D:\Documents\Boxing_Legends_Videos_downloads\THE FIGHT with Teddy Atlas\Unknown Playlist\metadata\Teddy Atlas demonstrates Mike Tyson's Signature Punch, the Devastating Uppercut ｜ THE FIGHT TACTICS.info.json.info.cleaned.json
2025-01-22 14:24:02,797 - INFO - Processing file: D:\Documents\Boxing_Legends_Videos_downloads\THE FIGHT with Teddy Atlas\Unknown Playlist\metadata\Teddy Atlas Demonstrates Peekaboo Boxing Style of Mike Tyson, Cus D'Amato ｜ THE FIGHT TACTICS.info.json.info.json
2025-01-22 14:24:02,805 - INFO - Created cleaned file: D:\Documents\Boxing_Legends_Videos_downloads\THE FIGHT with Teddy Atlas\Unknown Playlist\metadata\Teddy Atlas Demonstrates Peekaboo Boxing Style of Mike Tyson, Cus D'Amato ｜ THE FIGHT TACTICS.info.json.info.cleaned.json
2025-01-22 14:24:02,808 - INFO - Processing file: D:\Documents\Boxing_Legends_Videos_downloads\THE FIGHT with Teddy Atlas\Unknown Playlist\metadata\Teddy Atlas Fight Plan for Stipe Miocic vs Francis Ngannou 2 at UFC 260 ｜ The Fight Tactics.info.json.info.json
2025-01-22 14:24:02,815 - INFO - Created cleaned file: D:\Documents\Boxing_Legends_Videos_downloads\THE FIGHT with Teddy Atlas\Unknown Playlist\metadata\Teddy Atlas Fight Plan for Stipe Miocic vs Francis Ngannou 2 at UFC 260 ｜ The Fight Tactics.info.json.info.cleaned.json
2025-01-22 14:24:02,816 - INFO - Processing file: D:\Documents\Boxing_Legends_Videos_downloads\THE FIGHT with Teddy Atlas\Unknown Playlist\metadata\Teddy Atlas on How to Improve Your Jab ｜ The Fight Tactics.info.json.info.json
2025-01-22 14:24:02,823 - INFO - Created cleaned file: D:\Documents\Boxing_Legends_Videos_downloads\THE FIGHT with Teddy Atlas\Unknown Playlist\metadata\Teddy Atlas on How to Improve Your Jab ｜ The Fight Tactics.info.json.info.cleaned.json
2025-01-22 14:24:02,824 - INFO - Processing file: D:\Documents\Boxing_Legends_Videos_downloads\THE FIGHT with Teddy Atlas\Unknown Playlist\metadata\Teddy Atlas on How to Throw the Snake Charmer Punch ｜ The Fight Tactics.info.json.info.json
2025-01-22 14:24:02,830 - INFO - Created cleaned file: D:\Documents\Boxing_Legends_Videos_downloads\THE FIGHT with Teddy Atlas\Unknown Playlist\metadata\Teddy Atlas on How to Throw the Snake Charmer Punch ｜ The Fight Tactics.info.json.info.cleaned.json
2025-01-22 14:24:02,832 - INFO - Processing file: D:\Documents\Boxing_Legends_Videos_downloads\THE FIGHT with Teddy Atlas\Unknown Playlist\metadata\Teddy Atlas Shares Trick to Landing a Body Punch ｜ The Fight Tactics.info.json.info.json
2025-01-22 14:24:02,838 - INFO - Created cleaned file: D:\Documents\Boxing_Legends_Videos_downloads\THE FIGHT with Teddy Atlas\Unknown Playlist\metadata\Teddy Atlas Shares Trick to Landing a Body Punch ｜ The Fight Tactics.info.json.info.cleaned.json
2025-01-22 14:24:02,839 - INFO - Processing file: D:\Documents\Boxing_Legends_Videos_downloads\THE FIGHT with Teddy Atlas\Unknown Playlist\metadata\Teddy Atlas shows How to Punch in Close, aka ＂In The Phone Booth＂ ｜ The Fight Tactics.info.json.info.json
2025-01-22 14:24:02,845 - INFO - Created cleaned file: D:\Documents\Boxing_Legends_Videos_downloads\THE FIGHT with Teddy Atlas\Unknown Playlist\metadata\Teddy Atlas shows How to Punch in Close, aka ＂In The Phone Booth＂ ｜ The Fight Tactics.info.json.info.cleaned.json
2025-01-22 14:24:02,846 - INFO - Processing file: D:\Documents\Boxing_Legends_Videos_downloads\THE FIGHT with Teddy Atlas\Unknown Playlist\metadata\Throwing Combination Punches - Teddy Atlas Boxing Technique ｜ The Fight Tactics.info.json.info.json
2025-01-22 14:24:02,854 - INFO - Created cleaned file: D:\Documents\Boxing_Legends_Videos_downloads\THE FIGHT with Teddy Atlas\Unknown Playlist\metadata\Throwing Combination Punches - Teddy Atlas Boxing Technique ｜ The Fight Tactics.info.json.info.cleaned.json
2025-01-22 14:24:02,856 - INFO - Processing complete. Total: 32, Successful: 32, Failed: 0
2025-01-24 03:31:58,424 - ERROR - Error loading queue from /downloads/.metube/queue: db file doesn't exist; use 'c' or 'n' flag to create a new db
2025-01-24 03:31:58,428 - ERROR - Error loading queue from /downloads/.metube/completed: db file doesn't exist; use 'c' or 'n' flag to create a new db
2025-01-24 03:31:58,432 - ERROR - Error loading queue from /downloads/.metube/pending: db file doesn't exist; use 'c' or 'n' flag to create a new db
2025-01-24 03:32:37,710 - ERROR - Error loading queue from /downloads/.metube/queue: db file doesn't exist; use 'c' or 'n' flag to create a new db
2025-01-24 03:32:37,716 - ERROR - Error loading queue from /downloads/.metube/completed: db file doesn't exist; use 'c' or 'n' flag to create a new db
2025-01-24 03:32:37,720 - ERROR - Error loading queue from /downloads/.metube/pending: db file doesn't exist; use 'c' or 'n' flag to create a new db
2025-01-23 21:34:54,956 - INFO - Event loop initialized
2025-01-23 21:34:55,002 - ERROR - Error loading queue from ./test_state\queue: db file doesn't exist; use 'c' or 'n' flag to create a new db
2025-01-23 21:34:55,004 - ERROR - Error loading queue from ./test_state\completed: db file doesn't exist; use 'c' or 'n' flag to create a new db
2025-01-23 21:34:55,004 - ERROR - Error loading queue from ./test_state\pending: db file doesn't exist; use 'c' or 'n' flag to create a new db
2025-01-23 21:34:55,005 - ERROR - Error reading saved items from ./test_state\queue: db file doesn't exist; use 'c' or 'n' flag to create a new db
2025-01-23 21:34:55,005 - INFO - Download queue initialized
2025-01-23 21:34:55,005 - INFO - waiting for item to download
2025-01-23 21:35:00,017 - INFO - Test completed successfully
2025-01-24 03:35:49,931 - ERROR - Error loading queue from /downloads/.metube/queue: db file doesn't exist; use 'c' or 'n' flag to create a new db
2025-01-24 03:35:49,934 - ERROR - Error loading queue from /downloads/.metube/completed: db file doesn't exist; use 'c' or 'n' flag to create a new db
2025-01-24 03:35:49,938 - ERROR - Error loading queue from /downloads/.metube/pending: db file doesn't exist; use 'c' or 'n' flag to create a new db
2025-01-24 03:35:49,942 - ERROR - Error reading saved items from /downloads/.metube/queue: db file doesn't exist; use 'c' or 'n' flag to create a new db
2025-01-24 03:35:49,944 - INFO - Application initialized successfully
2025-01-24 03:35:49,945 - INFO - waiting for item to download
2025-01-24 03:45:22,411 - INFO - Event loop initialized
2025-01-24 03:45:22,412 - INFO - Test environment setup completed
2025-01-24 03:45:22,420 - ERROR - Error loading queue from /downloads/.metube/queue: db file doesn't exist; use 'c' or 'n' flag to create a new db
2025-01-24 03:45:22,425 - ERROR - Error loading queue from /downloads/.metube/completed: db file doesn't exist; use 'c' or 'n' flag to create a new db
2025-01-24 03:45:22,431 - ERROR - Error loading queue from /downloads/.metube/pending: db file doesn't exist; use 'c' or 'n' flag to create a new db
2025-01-24 03:45:22,435 - ERROR - Error reading saved items from /downloads/.metube/queue: db file doesn't exist; use 'c' or 'n' flag to create a new db
2025-01-24 03:45:22,438 - INFO - Download queue initialized
2025-01-24 03:45:22,438 - INFO - waiting for item to download
2025-01-24 03:45:27,444 - INFO - Test completed successfully
2025-01-24 03:46:05,064 - INFO - Event loop initialized
2025-01-24 03:46:05,075 - ERROR - Error loading queue from /downloads/.metube/queue: db file doesn't exist; use 'c' or 'n' flag to create a new db
2025-01-24 03:46:05,079 - ERROR - Error loading queue from /downloads/.metube/completed: db file doesn't exist; use 'c' or 'n' flag to create a new db
2025-01-24 03:46:05,083 - ERROR - Error loading queue from /downloads/.metube/pending: db file doesn't exist; use 'c' or 'n' flag to create a new db
2025-01-24 03:46:05,086 - ERROR - Error reading saved items from /downloads/.metube/queue: db file doesn't exist; use 'c' or 'n' flag to create a new db
2025-01-24 03:46:05,088 - INFO - Application initialized successfully
2025-01-24 03:46:05,089 - INFO - waiting for item to download
